0 info it worked if it ends with ok
1 verbose cli [ 'C:\\Program Files (x86)\\nodejs\\node.exe',
1 verbose cli   'C:\\Program Files (x86)\\nodejs\\node_modules\\npm\\bin\\npm-cli.js',
1 verbose cli   'run',
1 verbose cli   'build' ]
2 info using npm@3.8.6
3 info using node@v5.12.0
4 verbose run-script [ 'prebuild', 'build', 'postbuild' ]
5 info lifecycle react-redux@1.0.0~prebuild: react-redux@1.0.0
6 verbose lifecycle react-redux@1.0.0~prebuild: unsafe-perm in lifecycle true
7 verbose lifecycle react-redux@1.0.0~prebuild: PATH: C:\Program Files (x86)\nodejs\node_modules\npm\bin\node-gyp-bin;C:\Users\386283\machineStash\gitHub1\node_modules\.bin;C:\Program Files (x86)\nodejs;C:\ProgramData\Oracle\Java\javapath;C:\Program Files\Java\jdk1.8.0_91\bin;C:\windows\system32;C:\windows;C:\windows\System32\Wbem;C:\windows\System32\WindowsPowerShell\v1.0\;C:\Program Files\Git\cmd;D:\Softwares\apache-maven-3.3.9\bin;C:\Program Files\Microsoft Network Monitor 3\;C:\Program Files (x86)\nodejs\;C:\Python27;C:\Users\386283\sonarlint-cli-2.1.0.566\bin;C:\Program Files\Git\usr\bin;C:\Program Files (x86)\Skype\Phone\;C:\Users\386283\AppData\Roaming\npm;C:\Program Files (x86)\Microsoft VS Code\bin;C:\Program Files\Heroku\bin
8 verbose lifecycle react-redux@1.0.0~prebuild: CWD: C:\Users\386283\machineStash\gitHub1
9 silly lifecycle react-redux@1.0.0~prebuild: Args: [ '/d /s /c', 'npm-run-all clean-dist lint' ]
10 silly lifecycle react-redux@1.0.0~prebuild: Returned: code: 1  signal: null
11 info lifecycle react-redux@1.0.0~prebuild: Failed to exec prebuild script
12 verbose stack Error: react-redux@1.0.0 prebuild: `npm-run-all clean-dist lint`
12 verbose stack Exit status 1
12 verbose stack     at EventEmitter.<anonymous> (C:\Program Files (x86)\nodejs\node_modules\npm\lib\utils\lifecycle.js:239:16)
12 verbose stack     at emitTwo (events.js:100:13)
12 verbose stack     at EventEmitter.emit (events.js:185:7)
12 verbose stack     at ChildProcess.<anonymous> (C:\Program Files (x86)\nodejs\node_modules\npm\lib\utils\spawn.js:24:14)
12 verbose stack     at emitTwo (events.js:100:13)
12 verbose stack     at ChildProcess.emit (events.js:185:7)
12 verbose stack     at maybeClose (internal/child_process.js:850:16)
12 verbose stack     at Process.ChildProcess._handle.onexit (internal/child_process.js:215:5)
13 verbose pkgid react-redux@1.0.0
14 verbose cwd C:\Users\386283\machineStash\gitHub1
15 error Windows_NT 6.1.7601
16 error argv "C:\\Program Files (x86)\\nodejs\\node.exe" "C:\\Program Files (x86)\\nodejs\\node_modules\\npm\\bin\\npm-cli.js" "run" "build"
17 error node v5.12.0
18 error npm  v3.8.6
19 error code ELIFECYCLE
20 error react-redux@1.0.0 prebuild: `npm-run-all clean-dist lint`
20 error Exit status 1
21 error Failed at the react-redux@1.0.0 prebuild script 'npm-run-all clean-dist lint'.
21 error Make sure you have the latest version of node.js and npm installed.
21 error If you do, this is most likely a problem with the react-redux package,
21 error not with npm itself.
21 error Tell the author that this fails on your system:
21 error     npm-run-all clean-dist lint
21 error You can get information on how to open an issue for this project with:
21 error     npm bugs react-redux
21 error Or if that isn't available, you can get their info via:
21 error     npm owner ls react-redux
21 error There is likely additional logging output above.
22 verbose exit [ 1, true ]
